<?xml version="1.0" encoding="UTF-8"?>
<coverage generated="1615692077347" clover="3.2.0">
  <project timestamp="1615692077348" name="All files">
    <metrics statements="39" coveredstatements="39" conditionals="24" coveredconditionals="24" methods="14" coveredmethods="14" elements="77" coveredelements="77" complexity="0" loc="39" ncloc="39" packages="1" files="1" classes="1"/>
    <file name="aux.js" path="/Users/pj.manoel/Documents/Projects/getin/utils/aux.js">
      <metrics statements="39" coveredstatements="39" conditionals="24" coveredconditionals="24" methods="14" coveredmethods="14"/>
      <line num="2" count="2" type="stmt"/>
      <line num="3" count="2" type="stmt"/>
      <line num="7" count="3" type="cond" truecount="4" falsecount="0"/>
      <line num="8" count="4" type="stmt"/>
      <line num="10" count="2" type="stmt"/>
      <line num="14" count="10" type="stmt"/>
      <line num="15" count="111" type="cond" truecount="2" falsecount="0"/>
      <line num="16" count="16" type="stmt"/>
      <line num="18" count="111" type="stmt"/>
      <line num="23" count="8" type="stmt"/>
      <line num="24" count="13" type="cond" truecount="4" falsecount="0"/>
      <line num="25" count="11" type="stmt"/>
      <line num="31" count="4" type="cond" truecount="2" falsecount="0"/>
      <line num="32" count="1" type="stmt"/>
      <line num="34" count="1" type="stmt"/>
      <line num="35" count="3" type="cond" truecount="2" falsecount="0"/>
      <line num="39" count="1" type="stmt"/>
      <line num="46" count="2" type="stmt"/>
      <line num="47" count="2" type="stmt"/>
      <line num="48" count="2" type="stmt"/>
      <line num="49" count="5" type="cond" truecount="2" falsecount="0"/>
      <line num="50" count="2" type="stmt"/>
      <line num="51" count="3" type="cond" truecount="2" falsecount="0"/>
      <line num="52" count="1" type="stmt"/>
      <line num="56" count="2" type="stmt"/>
      <line num="64" count="5" type="stmt"/>
      <line num="66" count="2" type="stmt"/>
      <line num="71" count="1" type="stmt"/>
      <line num="78" count="1" type="stmt"/>
      <line num="87" count="2" type="stmt"/>
      <line num="89" count="2" type="stmt"/>
      <line num="90" count="13" type="cond" truecount="2" falsecount="0"/>
      <line num="91" count="11" type="stmt"/>
      <line num="92" count="11" type="stmt"/>
      <line num="94" count="11" type="cond" truecount="2" falsecount="0"/>
      <line num="95" count="7" type="stmt"/>
      <line num="96" count="7" type="stmt"/>
      <line num="98" count="4" type="stmt"/>
      <line num="102" count="13" type="stmt"/>
    </file>
  </project>
</coverage>
