{"/Users/pj.manoel/Documents/Projects/getin/utils/aux.js": {"path":"/Users/pj.manoel/Documents/Projects/getin/utils/aux.js","statementMap":{"0":{"start":{"line":2,"column":27},"end":{"line":2,"column":38}},"1":{"start":{"line":3,"column":2},"end":{"line":3,"column":44}},"2":{"start":{"line":7,"column":2},"end":{"line":8,"column":69}},"3":{"start":{"line":8,"column":4},"end":{"line":8,"column":69}},"4":{"start":{"line":8,"column":45},"end":{"line":8,"column":67}},"5":{"start":{"line":10,"column":2},"end":{"line":10,"column":12}},"6":{"start":{"line":14,"column":2},"end":{"line":18,"column":57}},"7":{"start":{"line":15,"column":4},"end":{"line":17,"column":5}},"8":{"start":{"line":16,"column":6},"end":{"line":16,"column":19}},"9":{"start":{"line":18,"column":29},"end":{"line":18,"column":55}},"10":{"start":{"line":23,"column":2},"end":{"line":27,"column":5}},"11":{"start":{"line":24,"column":4},"end":{"line":26,"column":5}},"12":{"start":{"line":25,"column":6},"end":{"line":25,"column":17}},"13":{"start":{"line":31,"column":2},"end":{"line":67,"column":3}},"14":{"start":{"line":32,"column":27},"end":{"line":32,"column":44}},"15":{"start":{"line":34,"column":4},"end":{"line":34,"column":68}},"16":{"start":{"line":35,"column":9},"end":{"line":67,"column":3}},"17":{"start":{"line":39,"column":4},"end":{"line":44,"column":6}},"18":{"start":{"line":46,"column":33},"end":{"line":46,"column":34}},"19":{"start":{"line":47,"column":29},"end":{"line":47,"column":31}},"20":{"start":{"line":48,"column":4},"end":{"line":65,"column":7}},"21":{"start":{"line":49,"column":6},"end":{"line":63,"column":7}},"22":{"start":{"line":50,"column":8},"end":{"line":50,"column":77}},"23":{"start":{"line":51,"column":13},"end":{"line":63,"column":7}},"24":{"start":{"line":52,"column":8},"end":{"line":54,"column":10}},"25":{"start":{"line":56,"column":8},"end":{"line":62,"column":10}},"26":{"start":{"line":64,"column":6},"end":{"line":64,"column":46}},"27":{"start":{"line":66,"column":4},"end":{"line":66,"column":28}},"28":{"start":{"line":71,"column":2},"end":{"line":74,"column":4}},"29":{"start":{"line":78,"column":2},"end":{"line":83,"column":4}},"30":{"start":{"line":87,"column":26},"end":{"line":87,"column":27}},"31":{"start":{"line":89,"column":2},"end":{"line":103,"column":8}},"32":{"start":{"line":90,"column":4},"end":{"line":100,"column":5}},"33":{"start":{"line":91,"column":21},"end":{"line":91,"column":48}},"34":{"start":{"line":92,"column":47},"end":{"line":92,"column":71}},"35":{"start":{"line":94,"column":6},"end":{"line":99,"column":7}},"36":{"start":{"line":95,"column":8},"end":{"line":95,"column":72}},"37":{"start":{"line":96,"column":8},"end":{"line":96,"column":35}},"38":{"start":{"line":98,"column":8},"end":{"line":98,"column":30}},"39":{"start":{"line":102,"column":4},"end":{"line":102,"column":17}}},"fnMap":{"0":{"name":"verifyIfSilhouettesStringIsValid","decl":{"start":{"line":1,"column":16},"end":{"line":1,"column":48}},"loc":{"start":{"line":1,"column":62},"end":{"line":4,"column":1}},"line":1},"1":{"name":"getArrayFromString","decl":{"start":{"line":6,"column":16},"end":{"line":6,"column":34}},"loc":{"start":{"line":6,"column":48},"end":{"line":11,"column":1}},"line":6},"2":{"name":"(anonymous_2)","decl":{"start":{"line":8,"column":38},"end":{"line":8,"column":39}},"loc":{"start":{"line":8,"column":45},"end":{"line":8,"column":67}},"line":8},"3":{"name":"getIndexesOfMaxValue","decl":{"start":{"line":13,"column":16},"end":{"line":13,"column":36}},"loc":{"start":{"line":13,"column":66},"end":{"line":19,"column":1}},"line":13},"4":{"name":"(anonymous_4)","decl":{"start":{"line":14,"column":30},"end":{"line":14,"column":31}},"loc":{"start":{"line":14,"column":47},"end":{"line":18,"column":3}},"line":14},"5":{"name":"(anonymous_5)","decl":{"start":{"line":18,"column":12},"end":{"line":18,"column":13}},"loc":{"start":{"line":18,"column":29},"end":{"line":18,"column":55}},"line":18},"6":{"name":"getIndexesToBreak","decl":{"start":{"line":22,"column":16},"end":{"line":22,"column":33}},"loc":{"start":{"line":22,"column":72},"end":{"line":28,"column":1}},"line":22},"7":{"name":"(anonymous_7)","decl":{"start":{"line":23,"column":35},"end":{"line":23,"column":36}},"loc":{"start":{"line":23,"column":44},"end":{"line":27,"column":3}},"line":23},"8":{"name":"breakSilhouettesByIndexes","decl":{"start":{"line":30,"column":16},"end":{"line":30,"column":41}},"loc":{"start":{"line":30,"column":76},"end":{"line":68,"column":1}},"line":30},"9":{"name":"(anonymous_9)","decl":{"start":{"line":48,"column":23},"end":{"line":48,"column":24}},"loc":{"start":{"line":48,"column":50},"end":{"line":65,"column":5}},"line":48},"10":{"name":"breakArrayWithOneIndex","decl":{"start":{"line":70,"column":9},"end":{"line":70,"column":31}},"loc":{"start":{"line":70,"column":57},"end":{"line":75,"column":1}},"line":70},"11":{"name":"breakArrayWithTwoIndexes","decl":{"start":{"line":77,"column":9},"end":{"line":77,"column":33}},"loc":{"start":{"line":77,"column":87},"end":{"line":84,"column":1}},"line":77},"12":{"name":"calculateWaterQuantity","decl":{"start":{"line":86,"column":16},"end":{"line":86,"column":38}},"loc":{"start":{"line":86,"column":57},"end":{"line":104,"column":1}},"line":86},"13":{"name":"(anonymous_13)","decl":{"start":{"line":89,"column":33},"end":{"line":89,"column":34}},"loc":{"start":{"line":89,"column":57},"end":{"line":103,"column":3}},"line":89}},"branchMap":{"0":{"loc":{"start":{"line":7,"column":2},"end":{"line":8,"column":69}},"type":"if","locations":[{"start":{"line":7,"column":2},"end":{"line":8,"column":69}},{"start":{"line":7,"column":2},"end":{"line":8,"column":69}}],"line":7},"1":{"loc":{"start":{"line":7,"column":6},"end":{"line":7,"column":39}},"type":"binary-expr","locations":[{"start":{"line":7,"column":6},"end":{"line":7,"column":17}},{"start":{"line":7,"column":21},"end":{"line":7,"column":39}}],"line":7},"2":{"loc":{"start":{"line":15,"column":4},"end":{"line":17,"column":5}},"type":"if","locations":[{"start":{"line":15,"column":4},"end":{"line":17,"column":5}},{"start":{"line":15,"column":4},"end":{"line":17,"column":5}}],"line":15},"3":{"loc":{"start":{"line":24,"column":4},"end":{"line":26,"column":5}},"type":"if","locations":[{"start":{"line":24,"column":4},"end":{"line":26,"column":5}},{"start":{"line":24,"column":4},"end":{"line":26,"column":5}}],"line":24},"4":{"loc":{"start":{"line":24,"column":8},"end":{"line":24,"column":54}},"type":"binary-expr","locations":[{"start":{"line":24,"column":8},"end":{"line":24,"column":17}},{"start":{"line":24,"column":21},"end":{"line":24,"column":54}}],"line":24},"5":{"loc":{"start":{"line":31,"column":2},"end":{"line":67,"column":3}},"type":"if","locations":[{"start":{"line":31,"column":2},"end":{"line":67,"column":3}},{"start":{"line":31,"column":2},"end":{"line":67,"column":3}}],"line":31},"6":{"loc":{"start":{"line":35,"column":9},"end":{"line":67,"column":3}},"type":"if","locations":[{"start":{"line":35,"column":9},"end":{"line":67,"column":3}},{"start":{"line":35,"column":9},"end":{"line":67,"column":3}}],"line":35},"7":{"loc":{"start":{"line":36,"column":4},"end":{"line":37,"column":47}},"type":"binary-expr","locations":[{"start":{"line":36,"column":4},"end":{"line":36,"column":31}},{"start":{"line":37,"column":4},"end":{"line":37,"column":47}}],"line":36},"8":{"loc":{"start":{"line":49,"column":6},"end":{"line":63,"column":7}},"type":"if","locations":[{"start":{"line":49,"column":6},"end":{"line":63,"column":7}},{"start":{"line":49,"column":6},"end":{"line":63,"column":7}}],"line":49},"9":{"loc":{"start":{"line":51,"column":13},"end":{"line":63,"column":7}},"type":"if","locations":[{"start":{"line":51,"column":13},"end":{"line":63,"column":7}},{"start":{"line":51,"column":13},"end":{"line":63,"column":7}}],"line":51},"10":{"loc":{"start":{"line":90,"column":4},"end":{"line":100,"column":5}},"type":"if","locations":[{"start":{"line":90,"column":4},"end":{"line":100,"column":5}},{"start":{"line":90,"column":4},"end":{"line":100,"column":5}}],"line":90},"11":{"loc":{"start":{"line":94,"column":6},"end":{"line":99,"column":7}},"type":"if","locations":[{"start":{"line":94,"column":6},"end":{"line":99,"column":7}},{"start":{"line":94,"column":6},"end":{"line":99,"column":7}}],"line":94}},"s":{"0":2,"1":2,"2":3,"3":1,"4":4,"5":2,"6":10,"7":111,"8":16,"9":111,"10":8,"11":13,"12":11,"13":4,"14":1,"15":1,"16":3,"17":1,"18":2,"19":2,"20":2,"21":5,"22":2,"23":3,"24":1,"25":2,"26":5,"27":2,"28":1,"29":1,"30":2,"31":2,"32":13,"33":11,"34":11,"35":11,"36":7,"37":7,"38":4,"39":13},"f":{"0":2,"1":3,"2":4,"3":10,"4":111,"5":111,"6":8,"7":13,"8":4,"9":5,"10":1,"11":1,"12":2,"13":13},"b":{"0":[1,2],"1":[3,1],"2":[16,95],"3":[11,2],"4":[13,12],"5":[1,3],"6":[1,2],"7":[3,2],"8":[2,3],"9":[1,2],"10":[11,2],"11":[7,4]},"_coverageSchema":"1a1c01bbd47fc00a2c39e90264f33305004495a9","hash":"e4fa7c85e0ea33e69ca7059135c5f5519bb466dc"}
}
