TN:
SF:utils/aux.js
FN:1,verifyIfSilhouettesStringIsValid
FN:6,getArrayFromString
FN:8,(anonymous_2)
FN:13,getIndexesOfMaxValue
FN:14,(anonymous_4)
FN:18,(anonymous_5)
FN:22,getIndexesToBreak
FN:23,(anonymous_7)
FN:30,breakSilhouettesByIndexes
FN:48,(anonymous_9)
FN:70,breakArrayWithOneIndex
FN:77,breakArrayWithTwoIndexes
FN:86,calculateWaterQuantity
FN:89,(anonymous_13)
FNF:14
FNH:14
FNDA:2,verifyIfSilhouettesStringIsValid
FNDA:3,getArrayFromString
FNDA:4,(anonymous_2)
FNDA:10,getIndexesOfMaxValue
FNDA:111,(anonymous_4)
FNDA:111,(anonymous_5)
FNDA:8,getIndexesToBreak
FNDA:13,(anonymous_7)
FNDA:4,breakSilhouettesByIndexes
FNDA:5,(anonymous_9)
FNDA:1,breakArrayWithOneIndex
FNDA:1,breakArrayWithTwoIndexes
FNDA:2,calculateWaterQuantity
FNDA:13,(anonymous_13)
DA:2,2
DA:3,2
DA:7,3
DA:8,4
DA:10,2
DA:14,10
DA:15,111
DA:16,16
DA:18,111
DA:23,8
DA:24,13
DA:25,11
DA:31,4
DA:32,1
DA:34,1
DA:35,3
DA:39,1
DA:46,2
DA:47,2
DA:48,2
DA:49,5
DA:50,2
DA:51,3
DA:52,1
DA:56,2
DA:64,5
DA:66,2
DA:71,1
DA:78,1
DA:87,2
DA:89,2
DA:90,13
DA:91,11
DA:92,11
DA:94,11
DA:95,7
DA:96,7
DA:98,4
DA:102,13
LF:39
LH:39
BRDA:7,0,0,1
BRDA:7,0,1,2
BRDA:7,1,0,3
BRDA:7,1,1,1
BRDA:15,2,0,16
BRDA:15,2,1,95
BRDA:24,3,0,11
BRDA:24,3,1,2
BRDA:24,4,0,13
BRDA:24,4,1,12
BRDA:31,5,0,1
BRDA:31,5,1,3
BRDA:35,6,0,1
BRDA:35,6,1,2
BRDA:36,7,0,3
BRDA:36,7,1,2
BRDA:49,8,0,2
BRDA:49,8,1,3
BRDA:51,9,0,1
BRDA:51,9,1,2
BRDA:90,10,0,11
BRDA:90,10,1,2
BRDA:94,11,0,7
BRDA:94,11,1,4
BRF:24
BRH:24
end_of_record
